<?xml version="1.0" encoding="UTF-8"?>
<testsuite xmlns:xsi="http://www.w3.org/2001/XMLSchema-instance" xsi:noNamespaceSchemaLocation="https://maven.apache.org/surefire/maven-surefire-plugin/xsd/surefire-test-report-3.0.xsd" version="3.0" name="testcore.testservice.TestPlanteService" time="0.034" tests="9" errors="0" skipped="0" failures="0">
  <properties>
[...]
</properties>
  <testcase name="testMettreAJour_Valid" classname="testcore.testservice.TestPlanteService" time="0.002">
    <system-out><![CDATA[16:08:46.155 [main] INFO com.epf.core.service.PlanteService -- Mise à jour de la plante avec ID : 1
]]></system-out>
  </testcase>
  <testcase name="testListerPlantes" classname="testcore.testservice.TestPlanteService" time="0.002">
    <system-out><![CDATA[16:08:46.165 [main] INFO com.epf.core.service.PlanteService -- Récupération de toutes les plantes.
]]></system-out>
  </testcase>
  <testcase name="testMettreAJour_InvalidId" classname="testcore.testservice.TestPlanteService" time="0.0"/>
  <testcase name="testAjouterPlante_NomNull" classname="testcore.testservice.TestPlanteService" time="0.0"/>
  <testcase name="testAjouterPlante_NomVide" classname="testcore.testservice.TestPlanteService" time="0.0"/>
  <testcase name="testAjouterPlante_Valid" classname="testcore.testservice.TestPlanteService" time="0.001">
    <system-out><![CDATA[16:08:46.171 [main] INFO com.epf.core.service.PlanteService -- Ajout d'une plante : Tournesol
]]></system-out>
  </testcase>
  <testcase name="testSupprimer" classname="testcore.testservice.TestPlanteService" time="0.001">
    <system-out><![CDATA[16:08:46.173 [main] INFO com.epf.core.service.PlanteService -- Suppression de la plante avec ID : 1
]]></system-out>
  </testcase>
  <testcase name="testTrouverParId_ThrowsException" classname="testcore.testservice.TestPlanteService" time="0.017">
    <system-out><![CDATA[16:08:46.173 [main] INFO com.epf.core.service.PlanteService -- Recherche de la plante avec ID : 999
16:08:46.179 [main] ERROR com.epf.core.service.PlanteService -- Erreur lors de la récupération de la plante avec ID : 999
java.lang.RuntimeException: null
	at com.epf.persistance.implementation.PlanteImplementationDAO.trouverParId(PlanteImplementationDAO.java:48)
	at com.epf.core.service.PlanteService.trouverParId(PlanteService.java:25)
	at testcore.testservice.TestPlanteService.testTrouverParId_ThrowsException(TestPlanteService.java:60)
	at java.base/jdk.internal.reflect.DirectMethodHandleAccessor.invoke(DirectMethodHandleAccessor.java:103)
	at java.base/java.lang.reflect.Method.invoke(Method.java:580)
	at org.junit.runners.model.FrameworkMethod$1.runReflectiveCall(FrameworkMethod.java:59)
	at org.junit.internal.runners.model.ReflectiveCallable.run(ReflectiveCallable.java:12)
	at org.junit.runners.model.FrameworkMethod.invokeExplosively(FrameworkMethod.java:56)
	at org.junit.internal.runners.statements.InvokeMethod.evaluate(InvokeMethod.java:17)
	at org.junit.internal.runners.statements.ExpectException.evaluate(ExpectException.java:19)
	at org.junit.internal.runners.statements.RunBefores.evaluate(RunBefores.java:26)
	at org.mockito.internal.runners.DefaultInternalRunner$1$1.evaluate(DefaultInternalRunner.java:55)
	at org.junit.runners.ParentRunner$3.evaluate(ParentRunner.java:306)
	at org.junit.runners.BlockJUnit4ClassRunner$1.evaluate(BlockJUnit4ClassRunner.java:100)
	at org.junit.runners.ParentRunner.runLeaf(ParentRunner.java:366)
	at org.junit.runners.BlockJUnit4ClassRunner.runChild(BlockJUnit4ClassRunner.java:103)
	at org.junit.runners.BlockJUnit4ClassRunner.runChild(BlockJUnit4ClassRunner.java:63)
	at org.junit.runners.ParentRunner$4.run(ParentRunner.java:331)
	at org.junit.runners.ParentRunner$1.schedule(ParentRunner.java:79)
	at org.junit.runners.ParentRunner.runChildren(ParentRunner.java:329)
	at org.junit.runners.ParentRunner.access$100(ParentRunner.java:66)
	at org.junit.runners.ParentRunner$2.evaluate(ParentRunner.java:293)
	at org.junit.runners.ParentRunner$3.evaluate(ParentRunner.java:306)
	at org.junit.runners.ParentRunner.run(ParentRunner.java:413)
	at org.mockito.internal.runners.DefaultInternalRunner$1.run(DefaultInternalRunner.java:100)
	at org.mockito.internal.runners.DefaultInternalRunner.run(DefaultInternalRunner.java:107)
	at org.mockito.internal.runners.StrictRunner.run(StrictRunner.java:42)
	at org.mockito.junit.MockitoJUnitRunner.run(MockitoJUnitRunner.java:163)
	at org.apache.maven.surefire.junit4.JUnit4Provider.execute(JUnit4Provider.java:316)
	at org.apache.maven.surefire.junit4.JUnit4Provider.executeWithRerun(JUnit4Provider.java:240)
	at org.apache.maven.surefire.junit4.JUnit4Provider.executeTestSet(JUnit4Provider.java:214)
	at org.apache.maven.surefire.junit4.JUnit4Provider.invoke(JUnit4Provider.java:155)
	at org.apache.maven.surefire.booter.ForkedBooter.runSuitesInProcess(ForkedBooter.java:385)
	at org.apache.maven.surefire.booter.ForkedBooter.execute(ForkedBooter.java:162)
	at org.apache.maven.surefire.booter.ForkedBooter.run(ForkedBooter.java:507)
	at org.apache.maven.surefire.booter.ForkedBooter.main(ForkedBooter.java:495)
]]></system-out>
  </testcase>
  <testcase name="testTrouverParId_ExistingPlante" classname="testcore.testservice.TestPlanteService" time="0.002">
    <system-out><![CDATA[16:08:46.183 [main] INFO com.epf.core.service.PlanteService -- Recherche de la plante avec ID : 1
]]></system-out>
  </testcase>
</testsuite>